<?xml version="1.0" encoding="UTF-8"?>
<!-- Generated by org.testng.reporters.JUnitXMLReporter -->
<testsuite ignored="0" hostname="Swappy" failures="0" tests="1" name="Default test(failed)" time="0.116" errors="0" timestamp="2026-06-23T19:07:37 IST">
  <testcase classname="testBase.BaseClass" name="@BeforeClass setup" time="-1.782221857142E9">
    <failure type="org.testng.TestNGException" message="
Parameter &amp;apos;os&amp;apos; is required by BeforeClass on method setup but has not been marked @Optional or defined
in C:\workspace\Selenium\Opencart\test-output\testng-failed.xml">
      <![CDATA[org.testng.TestNGException: 
Parameter 'os' is required by BeforeClass on method setup but has not been marked @Optional or defined
in C:\workspace\Selenium\Opencart\test-output\testng-failed.xml
at java.base/java.util.ArrayList.forEach(ArrayList.java:1541)
... Removed 22 stack frames]]>
    </failure>
  </testcase> <!-- @BeforeClass setup -->
  <testcase classname="testBase.BaseClass" name="@AfterClass tearDown" time="0.0">
    <skipped/>
  </testcase> <!-- @AfterClass tearDown -->
  <testcase classname="testCases.TC001_AccountRegistrationTest" name="Verify_Account_Registration" time="0.0">
    <skipped/>
  </testcase> <!-- Verify_Account_Registration -->
</testsuite> <!-- Default test(failed) -->
