<?xml version="1.0" encoding="UTF-8"?>
<!-- Generated by org.testng.reporters.JUnitXMLReporter -->
<testsuite ignored="0" hostname="Swappy" failures="1" tests="1" name="Test(failed)" time="9.179" errors="0" timestamp="2026-06-23T11:37:06 IST">
  <testcase classname="testCases.TC002_LoginTest" name="Login" time="2.778">
    <failure type="java.lang.AssertionError" message="expected [true] but found [false]">
      <![CDATA[java.lang.AssertionError: expected [true] but found [false]
at testCases.TC002_LoginTest.Login(TC002_LoginTest.java:65)
at java.base/java.util.ArrayList.forEach(ArrayList.java:1541)
... Removed 31 stack frames]]>
    </failure>
  </testcase> <!-- Login -->
</testsuite> <!-- Test(failed) -->
