<?xml version="1.0" encoding="UTF-8"?>
<!-- Generated by org.testng.reporters.JUnitXMLReporter -->
<testsuite ignored="1" hostname="Swappy" failures="0" tests="2" name="firefox" time="21.0" errors="0" timestamp="2026-06-25T14:26:50 IST">
  <testcase classname="testCases.TC001_AccountRegistrationTest" name="Verify_Account_Registration" time="6.229"/>
  <testcase classname="testCases.TC002_LoginTest" name="Login" time="1.466"/>
  <testcase classname="testCases.TC003_LoginDataDriven" name="verifyloginDDT" time="0.0">
    <ignored/>
  </testcase> <!-- verifyloginDDT -->
</testsuite> <!-- firefox -->
