<?xml version="1.0" encoding="UTF-8"?>
<!-- Generated by org.testng.reporters.JUnitXMLReporter -->
<testsuite ignored="0" hostname="Swappy" failures="1" tests="1" name="chrome" time="5.465" errors="0" timestamp="2026-06-17T14:40:09 IST">
  <testcase classname="testCases.TC_002_LoginTest" name="logintest" time="0.02">
    <failure type="java.lang.NullPointerException">
      <![CDATA[java.lang.NullPointerException
at pageObject.HomePage.clickMyacount(HomePage.java:28)
at testCases.TC_002_LoginTest.logintest(TC_002_LoginTest.java:18)
at java.base/java.util.ArrayList.forEach(ArrayList.java:1541)
at java.base/java.util.concurrent.FutureTask.run(FutureTask.java:264)
at java.base/java.util.concurrent.ThreadPoolExecutor.runWorker(ThreadPoolExecutor.java:1128)
at java.base/java.util.concurrent.ThreadPoolExecutor$Worker.run(ThreadPoolExecutor.java:628)
at java.base/java.lang.Thread.run(Thread.java:834)
... Removed 17 stack frames]]>
    </failure>
  </testcase> <!-- logintest -->
</testsuite> <!-- chrome -->
