<?xml version="1.0" encoding="UTF-8"?>
<!-- Generated by org.testng.reporters.JUnitXMLReporter -->
<testsuite ignored="0" hostname="Swappy" failures="1" tests="1" name="Master" time="8.388" errors="0" timestamp="2026-06-20T12:57:12 IST">
  <testcase classname="testCases.TC002_LoginTest" name="Login" time="3.014">
    <failure type="java.lang.NullPointerException">
      <![CDATA[java.lang.NullPointerException
at pageObject.MyAccountlogin.ismyacontExists(MyAccountlogin.java:25)
at testCases.TC002_LoginTest.Login(TC002_LoginTest.java:58)
at java.base/java.util.ArrayList.forEach(ArrayList.java:1541)
... Removed 27 stack frames]]>
    </failure>
  </testcase> <!-- Login -->
</testsuite> <!-- Master -->
