<?xml version="1.0" encoding="UTF-8"?>
<testng-results ignored="0" total="1" passed="1" failed="0" skipped="0">
  <reporter-output>
  </reporter-output>
  <suite started-at="2026-06-28T15:57:58 IST" name="Suite" finished-at="2026-06-28T15:58:08 IST" duration-ms="10112">
    <groups>
      <group name="regration">
        <method signature="TC002_LoginTest.Login()[pri:0, instance:testCases.TC002_LoginTest@3adcc812]" name="Login" class="testCases.TC002_LoginTest"/>
      </group> <!-- regration -->
      <group name="master">
        <method signature="TC002_LoginTest.Login()[pri:0, instance:testCases.TC002_LoginTest@3adcc812]" name="Login" class="testCases.TC002_LoginTest"/>
      </group> <!-- master -->
    </groups>
    <test started-at="2026-06-28T15:57:58 IST" name="Test" finished-at="2026-06-28T15:58:08 IST" duration-ms="10112">
      <class name="testCases.TC002_LoginTest">
        <test-method is-config="true" signature="setup(java.lang.String,java.lang.String)[pri:0, instance:testCases.TC002_LoginTest@3adcc812]" started-at="2026-06-28T15:57:58 IST" name="setup" finished-at="2026-06-28T15:58:05 IST" duration-ms="6651" status="PASS">
          <params>
            <param index="0">
              <value>
                <![CDATA[windows]]>
              </value>
            </param>
            <param index="1">
              <value>
                <![CDATA[chrome]]>
              </value>
            </param>
          </params>
          <reporter-output>
          </reporter-output>
        </test-method> <!-- setup -->
        <test-method signature="Login()[pri:0, instance:testCases.TC002_LoginTest@3adcc812]" started-at="2026-06-28T15:58:05 IST" name="Login" finished-at="2026-06-28T15:58:08 IST" duration-ms="2421" status="PASS">
          <reporter-output>
          </reporter-output>
        </test-method> <!-- Login -->
        <test-method is-config="true" signature="tearDown()[pri:0, instance:testCases.TC002_LoginTest@3adcc812]" started-at="2026-06-28T15:58:08 IST" name="tearDown" finished-at="2026-06-28T15:58:08 IST" duration-ms="658" status="PASS">
          <reporter-output>
          </reporter-output>
        </test-method> <!-- tearDown -->
      </class> <!-- testCases.TC002_LoginTest -->
    </test> <!-- Test -->
  </suite> <!-- Suite -->
</testng-results>
