<?xml version="1.0" encoding="UTF-8"?>
<testng-results ignored="0" total="2" passed="2" failed="0" skipped="0">
  <reporter-output>
  </reporter-output>
  <suite started-at="2026-06-26T15:32:32 IST" name="Suite" finished-at="2026-06-26T15:35:49 IST" duration-ms="197734">
    <groups>
      <group name="regration">
        <method signature="TC002_LoginTest.Login()[pri:0, instance:testCases.TC002_LoginTest@50fe837a]" name="Login" class="testCases.TC002_LoginTest"/>
      </group> <!-- regration -->
      <group name="sanity">
        <method signature="TC001_AccountRegistrationTest.Verify_Account_Registration()[pri:0, instance:testCases.TC001_AccountRegistrationTest@4c37b5b]" name="Verify_Account_Registration" class="testCases.TC001_AccountRegistrationTest"/>
      </group> <!-- sanity -->
      <group name="master">
        <method signature="TC001_AccountRegistrationTest.Verify_Account_Registration()[pri:0, instance:testCases.TC001_AccountRegistrationTest@4c37b5b]" name="Verify_Account_Registration" class="testCases.TC001_AccountRegistrationTest"/>
        <method signature="TC002_LoginTest.Login()[pri:0, instance:testCases.TC002_LoginTest@50fe837a]" name="Login" class="testCases.TC002_LoginTest"/>
      </group> <!-- master -->
    </groups>
    <test started-at="2026-06-26T15:32:32 IST" name="Test" finished-at="2026-06-26T15:35:49 IST" duration-ms="197734">
      <class name="testCases.TC002_LoginTest">
        <test-method is-config="true" signature="setup(java.lang.String,java.lang.String)[pri:0, instance:testCases.TC002_LoginTest@50fe837a]" started-at="2026-06-26T15:33:54 IST" name="setup" finished-at="2026-06-26T15:35:46 IST" duration-ms="111812" status="PASS">
          <params>
            <param index="0">
              <value>
                <![CDATA[windows]]>
              </value>
            </param>
            <param index="1">
              <value>
                <![CDATA[chrome]]>
              </value>
            </param>
          </params>
          <reporter-output>
          </reporter-output>
        </test-method> <!-- setup -->
        <test-method signature="Login()[pri:0, instance:testCases.TC002_LoginTest@50fe837a]" started-at="2026-06-26T15:35:46 IST" name="Login" finished-at="2026-06-26T15:35:49 IST" duration-ms="3207" status="PASS">
          <reporter-output>
          </reporter-output>
        </test-method> <!-- Login -->
        <test-method is-config="true" signature="tearDown()[pri:0, instance:testCases.TC002_LoginTest@50fe837a]" started-at="2026-06-26T15:35:49 IST" name="tearDown" finished-at="2026-06-26T15:35:49 IST" duration-ms="445" status="PASS">
          <reporter-output>
          </reporter-output>
        </test-method> <!-- tearDown -->
      </class> <!-- testCases.TC002_LoginTest -->
      <class name="testCases.TC001_AccountRegistrationTest">
        <test-method is-config="true" signature="setup(java.lang.String,java.lang.String)[pri:0, instance:testCases.TC001_AccountRegistrationTest@4c37b5b]" started-at="2026-06-26T15:32:32 IST" name="setup" finished-at="2026-06-26T15:33:35 IST" duration-ms="63412" status="PASS">
          <params>
            <param index="0">
              <value>
                <![CDATA[windows]]>
              </value>
            </param>
            <param index="1">
              <value>
                <![CDATA[chrome]]>
              </value>
            </param>
          </params>
          <reporter-output>
          </reporter-output>
        </test-method> <!-- setup -->
        <test-method signature="Verify_Account_Registration()[pri:0, instance:testCases.TC001_AccountRegistrationTest@4c37b5b]" started-at="2026-06-26T15:33:35 IST" name="Verify_Account_Registration" finished-at="2026-06-26T15:33:53 IST" duration-ms="18441" status="PASS">
          <reporter-output>
          </reporter-output>
        </test-method> <!-- Verify_Account_Registration -->
        <test-method is-config="true" signature="tearDown()[pri:0, instance:testCases.TC001_AccountRegistrationTest@4c37b5b]" started-at="2026-06-26T15:33:53 IST" name="tearDown" finished-at="2026-06-26T15:33:54 IST" duration-ms="297" status="PASS">
          <reporter-output>
          </reporter-output>
        </test-method> <!-- tearDown -->
      </class> <!-- testCases.TC001_AccountRegistrationTest -->
    </test> <!-- Test -->
  </suite> <!-- Suite -->
</testng-results>
