<?xml version="1.0" encoding="UTF-8"?>
<testng-results ignored="0" total="2" passed="2" failed="0" skipped="0">
  <reporter-output>
  </reporter-output>
  <suite started-at="2026-06-28T16:03:50 IST" name="Master Suite" finished-at="2026-06-28T16:04:06 IST" duration-ms="15665">
    <groups>
      <group name="regration">
        <method signature="TC002_LoginTest.Login()[pri:0, instance:testCases.TC002_LoginTest@2453f95d]" name="Login" class="testCases.TC002_LoginTest"/>
      </group> <!-- regration -->
      <group name="sanity">
        <method signature="TC001_AccountRegistrationTest.Verify_Account_Registration()[pri:0, instance:testCases.TC001_AccountRegistrationTest@3829ac1]" name="Verify_Account_Registration" class="testCases.TC001_AccountRegistrationTest"/>
      </group> <!-- sanity -->
      <group name="master">
        <method signature="TC001_AccountRegistrationTest.Verify_Account_Registration()[pri:0, instance:testCases.TC001_AccountRegistrationTest@3829ac1]" name="Verify_Account_Registration" class="testCases.TC001_AccountRegistrationTest"/>
        <method signature="TC002_LoginTest.Login()[pri:0, instance:testCases.TC002_LoginTest@2453f95d]" name="Login" class="testCases.TC002_LoginTest"/>
      </group> <!-- master -->
    </groups>
    <test started-at="2026-06-28T16:03:50 IST" name="chrome" finished-at="2026-06-28T16:04:06 IST" duration-ms="15665">
      <class name="testCases.TC002_LoginTest">
        <test-method is-config="true" signature="setup(java.lang.String,java.lang.String)[pri:0, instance:testCases.TC002_LoginTest@2453f95d]" started-at="2026-06-28T16:04:02 IST" name="setup" finished-at="2026-06-28T16:04:04 IST" duration-ms="1831" status="PASS">
          <params>
            <param index="0">
              <value>
                <![CDATA[windows]]>
              </value>
            </param>
            <param index="1">
              <value>
                <![CDATA[chrome]]>
              </value>
            </param>
          </params>
          <reporter-output>
          </reporter-output>
        </test-method> <!-- setup -->
        <test-method signature="Login()[pri:0, instance:testCases.TC002_LoginTest@2453f95d]" started-at="2026-06-28T16:04:04 IST" name="Login" finished-at="2026-06-28T16:04:06 IST" duration-ms="2008" status="PASS">
          <reporter-output>
          </reporter-output>
        </test-method> <!-- Login -->
        <test-method is-config="true" signature="tearDown()[pri:0, instance:testCases.TC002_LoginTest@2453f95d]" started-at="2026-06-28T16:04:06 IST" name="tearDown" finished-at="2026-06-28T16:04:06 IST" duration-ms="357" status="PASS">
          <reporter-output>
          </reporter-output>
        </test-method> <!-- tearDown -->
      </class> <!-- testCases.TC002_LoginTest -->
      <class name="testCases.TC001_AccountRegistrationTest">
        <test-method is-config="true" signature="setup(java.lang.String,java.lang.String)[pri:0, instance:testCases.TC001_AccountRegistrationTest@3829ac1]" started-at="2026-06-28T16:03:51 IST" name="setup" finished-at="2026-06-28T16:03:55 IST" duration-ms="4357" status="PASS">
          <params>
            <param index="0">
              <value>
                <![CDATA[windows]]>
              </value>
            </param>
            <param index="1">
              <value>
                <![CDATA[chrome]]>
              </value>
            </param>
          </params>
          <reporter-output>
          </reporter-output>
        </test-method> <!-- setup -->
        <test-method signature="Verify_Account_Registration()[pri:0, instance:testCases.TC001_AccountRegistrationTest@3829ac1]" started-at="2026-06-28T16:03:55 IST" name="Verify_Account_Registration" finished-at="2026-06-28T16:04:01 IST" duration-ms="6233" status="PASS">
          <reporter-output>
          </reporter-output>
        </test-method> <!-- Verify_Account_Registration -->
        <test-method is-config="true" signature="tearDown()[pri:0, instance:testCases.TC001_AccountRegistrationTest@3829ac1]" started-at="2026-06-28T16:04:01 IST" name="tearDown" finished-at="2026-06-28T16:04:02 IST" duration-ms="438" status="PASS">
          <reporter-output>
          </reporter-output>
        </test-method> <!-- tearDown -->
      </class> <!-- testCases.TC001_AccountRegistrationTest -->
    </test> <!-- chrome -->
  </suite> <!-- Master Suite -->
</testng-results>
