<?xml version="1.0" encoding="UTF-8"?>
<!-- Generated by org.testng.reporters.JUnitReportReporter -->
<testsuite hostname="Swappy" failures="0" tests="5" name="testCases.TC003_LoginDataDriven" time="7.664" errors="0" timestamp="2026-06-21T12:46:54 IST" skipped="0">
  <testcase classname="testCases.TC003_LoginDataDriven" name="verifyloginDDT" time="1.362"/>
  <testcase classname="testCases.TC003_LoginDataDriven" name="verifyloginDDT" time="1.811"/>
  <testcase classname="testCases.TC003_LoginDataDriven" name="verifyloginDDT" time="1.361"/>
  <testcase classname="testCases.TC003_LoginDataDriven" name="verifyloginDDT" time="1.784"/>
  <testcase classname="testCases.TC003_LoginDataDriven" name="verifyloginDDT" time="1.346"/>
</testsuite> <!-- testCases.TC003_LoginDataDriven -->
