<?xml version="1.0" encoding="UTF-8"?>
<!-- Generated by org.testng.reporters.JUnitReportReporter -->
<testsuite hostname="Swappy" failures="0" tests="2" name="testCases.TC_001_AccountRegistrationTest" time="7.408" errors="0" timestamp="2026-06-16T21:11:34 IST" skipped="0">
  <testcase classname="testCases.TC_001_AccountRegistrationTest" name="Verify_Account_Registration" time="5.091"/>
  <testcase classname="testCases.TC_001_AccountRegistrationTest" name="Verify_Account_Registration" time="2.317"/>
</testsuite> <!-- testCases.TC_001_AccountRegistrationTest -->
